15-Dec-21 17:46:37 - Starting new HTTPS connection (1): api.coingecko.com:443
15-Dec-21 17:46:37 - https://api.coingecko.com:443 "GET /api/v3/ping HTTP/1.1" 200 None
15-Dec-21 17:46:37 - https://api.coingecko.com:443 "GET /api/v3/simple/price?ids=bitcoin,ethereum,avalanche-2,terra-luna&vs_currencies=usd HTTP/1.1" 200 None
15-Dec-21 17:46:37 - Prices fetched for ['bitcoin', 'ethereum', 'avalanche-2', 'terra-luna']
15-Dec-21 17:46:37 - Converted retries value: 3 -> Retry(total=3, connect=None, read=None, redirect=None, status=None)
15-Dec-21 17:46:37 - Making request: POST https://oauth2.googleapis.com/token
15-Dec-21 17:46:37 - Starting new HTTPS connection (1): oauth2.googleapis.com:443
15-Dec-21 17:46:37 - https://oauth2.googleapis.com:443 "POST /token HTTP/1.1" 200 None
15-Dec-21 17:46:37 - Starting new HTTPS connection (1): www.googleapis.com:443
15-Dec-21 17:46:37 - https://www.googleapis.com:443 "GET /drive/v3/files?q=mimeType%3D%22application%2Fvnd.google-apps.spreadsheet%22+and+name+%3D+%22defi_master%22&pageSize=1000&supportsAllDrives=True&includeItemsFromAllDrives=True&fields=kind%2CnextPageToken%2Cfiles%28id%2Cname%2CcreatedTime%2CmodifiedTime%29 HTTP/1.1" 200 None
15-Dec-21 17:46:37 - Starting new HTTPS connection (1): sheets.googleapis.com:443
15-Dec-21 17:46:38 - https://sheets.googleapis.com:443 "GET /v4/spreadsheets/1vnADeRKAhCnK5HSRyoz5ValE_zjZyKCcANSsg-0w0uk?includeGridData=false HTTP/1.1" 200 None
15-Dec-21 17:46:38 - https://sheets.googleapis.com:443 "GET /v4/spreadsheets/1vnADeRKAhCnK5HSRyoz5ValE_zjZyKCcANSsg-0w0uk?includeGridData=false HTTP/1.1" 200 None
15-Dec-21 17:46:38 - https://sheets.googleapis.com:443 "GET /v4/spreadsheets/1vnADeRKAhCnK5HSRyoz5ValE_zjZyKCcANSsg-0w0uk/values/%27CDPs%27 HTTP/1.1" 200 None
15-Dec-21 17:46:38 - sheet1 from defi_master read
15-Dec-21 17:46:38 - All positions are healthy
15-Dec-21 17:46:38 - Ticker LUNA found at D2
15-Dec-21 17:46:38 - Converted retries value: 3 -> Retry(total=3, connect=None, read=None, redirect=None, status=None)
15-Dec-21 17:46:38 - Making request: POST https://oauth2.googleapis.com/token
15-Dec-21 17:46:38 - Starting new HTTPS connection (1): oauth2.googleapis.com:443
15-Dec-21 17:46:38 - https://oauth2.googleapis.com:443 "POST /token HTTP/1.1" 200 None
15-Dec-21 17:46:38 - Starting new HTTPS connection (1): www.googleapis.com:443
15-Dec-21 17:46:39 - https://www.googleapis.com:443 "GET /drive/v3/files?q=mimeType%3D%22application%2Fvnd.google-apps.spreadsheet%22+and+name+%3D+%22defi_master%22&pageSize=1000&supportsAllDrives=True&includeItemsFromAllDrives=True&fields=kind%2CnextPageToken%2Cfiles%28id%2Cname%2CcreatedTime%2CmodifiedTime%29 HTTP/1.1" 200 None
15-Dec-21 17:46:39 - Starting new HTTPS connection (1): sheets.googleapis.com:443
15-Dec-21 17:46:39 - https://sheets.googleapis.com:443 "GET /v4/spreadsheets/1vnADeRKAhCnK5HSRyoz5ValE_zjZyKCcANSsg-0w0uk?includeGridData=false HTTP/1.1" 200 None
15-Dec-21 17:46:39 - https://sheets.googleapis.com:443 "GET /v4/spreadsheets/1vnADeRKAhCnK5HSRyoz5ValE_zjZyKCcANSsg-0w0uk?includeGridData=false HTTP/1.1" 200 None
15-Dec-21 17:46:39 - https://sheets.googleapis.com:443 "PUT /v4/spreadsheets/1vnADeRKAhCnK5HSRyoz5ValE_zjZyKCcANSsg-0w0uk/values/%27CDPs%27%21E2?valueInputOption=RAW HTTP/1.1" 200 None
15-Dec-21 17:46:39 - E2 updated to 62.09. Sleeping for 3s...
15-Dec-21 17:46:42 - Ticker ETH found at D3
15-Dec-21 17:46:42 - Converted retries value: 3 -> Retry(total=3, connect=None, read=None, redirect=None, status=None)
15-Dec-21 17:46:43 - Making request: POST https://oauth2.googleapis.com/token
15-Dec-21 17:46:43 - Starting new HTTPS connection (1): oauth2.googleapis.com:443
15-Dec-21 17:46:43 - https://oauth2.googleapis.com:443 "POST /token HTTP/1.1" 200 None
15-Dec-21 17:46:43 - Starting new HTTPS connection (1): www.googleapis.com:443
15-Dec-21 17:46:43 - https://www.googleapis.com:443 "GET /drive/v3/files?q=mimeType%3D%22application%2Fvnd.google-apps.spreadsheet%22+and+name+%3D+%22defi_master%22&pageSize=1000&supportsAllDrives=True&includeItemsFromAllDrives=True&fields=kind%2CnextPageToken%2Cfiles%28id%2Cname%2CcreatedTime%2CmodifiedTime%29 HTTP/1.1" 200 None
15-Dec-21 17:46:43 - Starting new HTTPS connection (1): sheets.googleapis.com:443
15-Dec-21 17:46:43 - https://sheets.googleapis.com:443 "GET /v4/spreadsheets/1vnADeRKAhCnK5HSRyoz5ValE_zjZyKCcANSsg-0w0uk?includeGridData=false HTTP/1.1" 200 None
15-Dec-21 17:46:43 - https://sheets.googleapis.com:443 "GET /v4/spreadsheets/1vnADeRKAhCnK5HSRyoz5ValE_zjZyKCcANSsg-0w0uk?includeGridData=false HTTP/1.1" 200 None
15-Dec-21 17:46:44 - https://sheets.googleapis.com:443 "PUT /v4/spreadsheets/1vnADeRKAhCnK5HSRyoz5ValE_zjZyKCcANSsg-0w0uk/values/%27CDPs%27%21E3?valueInputOption=RAW HTTP/1.1" 200 None
15-Dec-21 17:46:44 - E3 updated to 4025.97. Sleeping for 3s...
15-Dec-21 17:46:47 - Ticker ETH found at D4
15-Dec-21 17:46:47 - Converted retries value: 3 -> Retry(total=3, connect=None, read=None, redirect=None, status=None)
15-Dec-21 17:46:47 - Making request: POST https://oauth2.googleapis.com/token
15-Dec-21 17:46:47 - Starting new HTTPS connection (1): oauth2.googleapis.com:443
15-Dec-21 17:46:47 - https://oauth2.googleapis.com:443 "POST /token HTTP/1.1" 200 None
15-Dec-21 17:46:47 - Starting new HTTPS connection (1): www.googleapis.com:443
15-Dec-21 17:46:47 - https://www.googleapis.com:443 "GET /drive/v3/files?q=mimeType%3D%22application%2Fvnd.google-apps.spreadsheet%22+and+name+%3D+%22defi_master%22&pageSize=1000&supportsAllDrives=True&includeItemsFromAllDrives=True&fields=kind%2CnextPageToken%2Cfiles%28id%2Cname%2CcreatedTime%2CmodifiedTime%29 HTTP/1.1" 200 None
15-Dec-21 17:46:47 - Starting new HTTPS connection (1): sheets.googleapis.com:443
15-Dec-21 17:46:47 - https://sheets.googleapis.com:443 "GET /v4/spreadsheets/1vnADeRKAhCnK5HSRyoz5ValE_zjZyKCcANSsg-0w0uk?includeGridData=false HTTP/1.1" 200 None
15-Dec-21 17:46:47 - https://sheets.googleapis.com:443 "GET /v4/spreadsheets/1vnADeRKAhCnK5HSRyoz5ValE_zjZyKCcANSsg-0w0uk?includeGridData=false HTTP/1.1" 200 None
15-Dec-21 17:46:48 - https://sheets.googleapis.com:443 "PUT /v4/spreadsheets/1vnADeRKAhCnK5HSRyoz5ValE_zjZyKCcANSsg-0w0uk/values/%27CDPs%27%21E4?valueInputOption=RAW HTTP/1.1" 200 None
15-Dec-21 17:46:48 - E4 updated to 4025.97. Sleeping for 3s...
15-Dec-21 17:46:51 - Ticker AVAX found at H4
15-Dec-21 17:46:51 - Converted retries value: 3 -> Retry(total=3, connect=None, read=None, redirect=None, status=None)
15-Dec-21 17:46:51 - Making request: POST https://oauth2.googleapis.com/token
15-Dec-21 17:46:51 - Starting new HTTPS connection (1): oauth2.googleapis.com:443
15-Dec-21 17:46:51 - https://oauth2.googleapis.com:443 "POST /token HTTP/1.1" 200 None
15-Dec-21 17:46:51 - Starting new HTTPS connection (1): www.googleapis.com:443
15-Dec-21 17:46:51 - https://www.googleapis.com:443 "GET /drive/v3/files?q=mimeType%3D%22application%2Fvnd.google-apps.spreadsheet%22+and+name+%3D+%22defi_master%22&pageSize=1000&supportsAllDrives=True&includeItemsFromAllDrives=True&fields=kind%2CnextPageToken%2Cfiles%28id%2Cname%2CcreatedTime%2CmodifiedTime%29 HTTP/1.1" 200 None
15-Dec-21 17:46:51 - Starting new HTTPS connection (1): sheets.googleapis.com:443
15-Dec-21 17:46:51 - https://sheets.googleapis.com:443 "GET /v4/spreadsheets/1vnADeRKAhCnK5HSRyoz5ValE_zjZyKCcANSsg-0w0uk?includeGridData=false HTTP/1.1" 200 None
15-Dec-21 17:46:52 - https://sheets.googleapis.com:443 "GET /v4/spreadsheets/1vnADeRKAhCnK5HSRyoz5ValE_zjZyKCcANSsg-0w0uk?includeGridData=false HTTP/1.1" 200 None
15-Dec-21 17:46:52 - https://sheets.googleapis.com:443 "PUT /v4/spreadsheets/1vnADeRKAhCnK5HSRyoz5ValE_zjZyKCcANSsg-0w0uk/values/%27CDPs%27%21I4?valueInputOption=RAW HTTP/1.1" 200 None
15-Dec-21 17:46:52 - I4 updated to 99.84. Sleeping for 3s...
15-Dec-21 17:46:55 - Sleeping for 30 seconds...
15-Dec-21 17:47:25 - Starting new HTTPS connection (1): api.coingecko.com:443
15-Dec-21 17:47:26 - https://api.coingecko.com:443 "GET /api/v3/ping HTTP/1.1" 200 None
15-Dec-21 17:47:26 - https://api.coingecko.com:443 "GET /api/v3/simple/price?ids=bitcoin,ethereum,avalanche-2,terra-luna&vs_currencies=usd HTTP/1.1" 200 None
15-Dec-21 17:47:26 - Prices fetched for ['bitcoin', 'ethereum', 'avalanche-2', 'terra-luna']
15-Dec-21 17:47:26 - Converted retries value: 3 -> Retry(total=3, connect=None, read=None, redirect=None, status=None)
15-Dec-21 17:47:26 - Making request: POST https://oauth2.googleapis.com/token
15-Dec-21 17:47:26 - Starting new HTTPS connection (1): oauth2.googleapis.com:443
15-Dec-21 17:47:26 - https://oauth2.googleapis.com:443 "POST /token HTTP/1.1" 200 None
15-Dec-21 17:47:26 - Starting new HTTPS connection (1): www.googleapis.com:443
15-Dec-21 17:47:26 - https://www.googleapis.com:443 "GET /drive/v3/files?q=mimeType%3D%22application%2Fvnd.google-apps.spreadsheet%22+and+name+%3D+%22defi_master%22&pageSize=1000&supportsAllDrives=True&includeItemsFromAllDrives=True&fields=kind%2CnextPageToken%2Cfiles%28id%2Cname%2CcreatedTime%2CmodifiedTime%29 HTTP/1.1" 200 None
15-Dec-21 17:47:26 - Starting new HTTPS connection (1): sheets.googleapis.com:443
15-Dec-21 17:47:26 - https://sheets.googleapis.com:443 "GET /v4/spreadsheets/1vnADeRKAhCnK5HSRyoz5ValE_zjZyKCcANSsg-0w0uk?includeGridData=false HTTP/1.1" 200 None
15-Dec-21 17:47:27 - https://sheets.googleapis.com:443 "GET /v4/spreadsheets/1vnADeRKAhCnK5HSRyoz5ValE_zjZyKCcANSsg-0w0uk?includeGridData=false HTTP/1.1" 200 None
15-Dec-21 17:47:27 - https://sheets.googleapis.com:443 "GET /v4/spreadsheets/1vnADeRKAhCnK5HSRyoz5ValE_zjZyKCcANSsg-0w0uk/values/%27CDPs%27 HTTP/1.1" 200 None
15-Dec-21 17:47:27 - sheet1 from defi_master read
15-Dec-21 17:47:27 - All positions are healthy
15-Dec-21 17:47:27 - Ticker LUNA found at D2
15-Dec-21 17:47:27 - Converted retries value: 3 -> Retry(total=3, connect=None, read=None, redirect=None, status=None)
15-Dec-21 17:47:27 - Making request: POST https://oauth2.googleapis.com/token
15-Dec-21 17:47:27 - Starting new HTTPS connection (1): oauth2.googleapis.com:443
15-Dec-21 17:47:27 - https://oauth2.googleapis.com:443 "POST /token HTTP/1.1" 200 None
15-Dec-21 17:47:27 - Starting new HTTPS connection (1): www.googleapis.com:443
15-Dec-21 17:47:27 - https://www.googleapis.com:443 "GET /drive/v3/files?q=mimeType%3D%22application%2Fvnd.google-apps.spreadsheet%22+and+name+%3D+%22defi_master%22&pageSize=1000&supportsAllDrives=True&includeItemsFromAllDrives=True&fields=kind%2CnextPageToken%2Cfiles%28id%2Cname%2CcreatedTime%2CmodifiedTime%29 HTTP/1.1" 200 None
15-Dec-21 17:47:27 - Starting new HTTPS connection (1): sheets.googleapis.com:443
15-Dec-21 17:47:28 - https://sheets.googleapis.com:443 "GET /v4/spreadsheets/1vnADeRKAhCnK5HSRyoz5ValE_zjZyKCcANSsg-0w0uk?includeGridData=false HTTP/1.1" 200 None
15-Dec-21 17:47:28 - https://sheets.googleapis.com:443 "GET /v4/spreadsheets/1vnADeRKAhCnK5HSRyoz5ValE_zjZyKCcANSsg-0w0uk?includeGridData=false HTTP/1.1" 200 None
15-Dec-21 17:47:28 - https://sheets.googleapis.com:443 "PUT /v4/spreadsheets/1vnADeRKAhCnK5HSRyoz5ValE_zjZyKCcANSsg-0w0uk/values/%27CDPs%27%21E2?valueInputOption=RAW HTTP/1.1" 200 None
15-Dec-21 17:47:28 - E2 updated to 62.09. Sleeping for 3s...
